[2025-07-19T18:06:06.605+0000] {local_task_job_runner.py:123} INFO - ::group::Pre task execution logs
[2025-07-19T18:06:06.620+0000] {taskinstance.py:2603} INFO - Dependencies all met for dep_context=non-requeueable deps ti=<TaskInstance: banking_data_quality.run_monitoring_audit scheduled__2025-07-18T17:00:00+00:00 [queued]>
[2025-07-19T18:06:06.627+0000] {taskinstance.py:2603} INFO - Dependencies all met for dep_context=requeueable deps ti=<TaskInstance: banking_data_quality.run_monitoring_audit scheduled__2025-07-18T17:00:00+00:00 [queued]>
[2025-07-19T18:06:06.628+0000] {taskinstance.py:2856} INFO - Starting attempt 4 of 5
[2025-07-19T18:06:06.638+0000] {taskinstance.py:2879} INFO - Executing <Task(PythonOperator): run_monitoring_audit> on 2025-07-18 17:00:00+00:00
[2025-07-19T18:06:06.645+0000] {warnings.py:112} WARNING - /home/***/.local/lib/python3.12/site-packages/***/task/task_runner/standard_task_runner.py:70: DeprecationWarning: This process (pid=188) is multi-threaded, use of fork() may lead to deadlocks in the child.
  pid = os.fork()

[2025-07-19T18:06:06.646+0000] {standard_task_runner.py:72} INFO - Started process 190 to run task
[2025-07-19T18:06:06.647+0000] {standard_task_runner.py:104} INFO - Running: ['***', 'tasks', 'run', 'banking_data_quality', 'run_monitoring_audit', 'scheduled__2025-07-18T17:00:00+00:00', '--job-id', '13', '--raw', '--subdir', 'DAGS_FOLDER/banking_dq_dag.py', '--cfg-path', '/tmp/tmp8x737fms']
[2025-07-19T18:06:06.649+0000] {standard_task_runner.py:105} INFO - Job 13: Subtask run_monitoring_audit
[2025-07-19T18:06:06.689+0000] {task_command.py:467} INFO - Running <TaskInstance: banking_data_quality.run_monitoring_audit scheduled__2025-07-18T17:00:00+00:00 [running]> on host 2e145ce6e7b6
[2025-07-19T18:06:06.752+0000] {taskinstance.py:3122} INFO - Exporting env vars: AIRFLOW_CTX_DAG_OWNER='***' AIRFLOW_CTX_DAG_ID='banking_data_quality' AIRFLOW_CTX_TASK_ID='run_monitoring_audit' AIRFLOW_CTX_EXECUTION_DATE='2025-07-18T17:00:00+00:00' AIRFLOW_CTX_TRY_NUMBER='4' AIRFLOW_CTX_DAG_RUN_ID='scheduled__2025-07-18T17:00:00+00:00'
[2025-07-19T18:06:06.753+0000] {taskinstance.py:731} INFO - ::endgroup::
[2025-07-19T18:06:06.873+0000] {logging_mixin.py:190} INFO - 
Monitoring and Audit Summary:
[2025-07-19T18:06:06.882+0000] {logging_mixin.py:190} INFO -                           Check  ...                                            Details
0   High-Value Transaction Auth  ...       61 transactions >10M VND without strong auth
1       Unverified Device Usage  ...            37 transactions from unverified devices
2  Daily Transaction Limit Auth  ...  3 customers with >20M VND/day without strong auth

[3 rows x 3 columns]
[2025-07-19T18:06:06.882+0000] {logging_mixin.py:190} INFO - 
Failed Checks:
[2025-07-19T18:06:06.887+0000] {logging_mixin.py:190} INFO -                           Check  ...                                            Details
0   High-Value Transaction Auth  ...       61 transactions >10M VND without strong auth
1       Unverified Device Usage  ...            37 transactions from unverified devices
2  Daily Transaction Limit Auth  ...  3 customers with >20M VND/day without strong auth

[3 rows x 3 columns]
[2025-07-19T18:06:06.888+0000] {logging_mixin.py:190} INFO - Monitoring checks failed: {'Check': {0: 'High-Value Transaction Auth', 1: 'Unverified Device Usage', 2: 'Daily Transaction Limit Auth'}, 'Status': {0: 'FAIL', 1: 'FAIL', 2: 'FAIL'}, 'Details': {0: '61 transactions >10M VND without strong auth', 1: '37 transactions from unverified devices', 2: '3 customers with >20M VND/day without strong auth'}}
[2025-07-19T18:06:06.888+0000] {logging_mixin.py:190} INFO - Monitoring checks failed: Monitoring checks failed
[2025-07-19T18:06:06.889+0000] {taskinstance.py:3301} ERROR - Task failed with exception
Traceback (most recent call last):
  File "/home/airflow/.local/lib/python3.12/site-packages/airflow/models/taskinstance.py", line 767, in _execute_task
    result = _execute_callable(context=context, **execute_callable_kwargs)
             ^^^^^^^^^^^^^^^^^^^^^^^^^^^^^^^^^^^^^^^^^^^^^^^^^^^^^^^^^^^^^
  File "/home/airflow/.local/lib/python3.12/site-packages/airflow/models/taskinstance.py", line 733, in _execute_callable
    return ExecutionCallableRunner(
           ^^^^^^^^^^^^^^^^^^^^^^^^
  File "/home/airflow/.local/lib/python3.12/site-packages/airflow/utils/operator_helpers.py", line 252, in run
    return self.func(*args, **kwargs)
           ^^^^^^^^^^^^^^^^^^^^^^^^^^
  File "/home/airflow/.local/lib/python3.12/site-packages/airflow/models/baseoperator.py", line 406, in wrapper
    return func(self, *args, **kwargs)
           ^^^^^^^^^^^^^^^^^^^^^^^^^^^
  File "/home/airflow/.local/lib/python3.12/site-packages/airflow/operators/python.py", line 238, in execute
    return_value = self.execute_callable()
                   ^^^^^^^^^^^^^^^^^^^^^^^
  File "/home/airflow/.local/lib/python3.12/site-packages/airflow/operators/python.py", line 256, in execute_callable
    return runner.run(*self.op_args, **self.op_kwargs)
           ^^^^^^^^^^^^^^^^^^^^^^^^^^^^^^^^^^^^^^^^^^^
  File "/home/airflow/.local/lib/python3.12/site-packages/airflow/utils/operator_helpers.py", line 252, in run
    return self.func(*args, **kwargs)
           ^^^^^^^^^^^^^^^^^^^^^^^^^^
  File "/opt/airflow/dags/banking_dq_dag.py", line 56, in run_monitoring_audit_task
    raise Exception("Monitoring checks failed")
Exception: Monitoring checks failed
[2025-07-19T18:06:06.898+0000] {taskinstance.py:1225} INFO - Marking task as UP_FOR_RETRY. dag_id=banking_data_quality, task_id=run_monitoring_audit, run_id=scheduled__2025-07-18T17:00:00+00:00, execution_date=20250718T170000, start_date=20250719T180606, end_date=20250719T180606
[2025-07-19T18:06:06.917+0000] {taskinstance.py:340} INFO - ::group::Post task execution logs
[2025-07-19T18:06:06.917+0000] {standard_task_runner.py:124} ERROR - Failed to execute job 13 for task run_monitoring_audit (Monitoring checks failed; 190)
Traceback (most recent call last):
  File "/home/airflow/.local/lib/python3.12/site-packages/airflow/task/task_runner/standard_task_runner.py", line 117, in _start_by_fork
    ret = args.func(args, dag=self.dag)
          ^^^^^^^^^^^^^^^^^^^^^^^^^^^^^
  File "/home/airflow/.local/lib/python3.12/site-packages/airflow/cli/cli_config.py", line 49, in command
    return func(*args, **kwargs)
           ^^^^^^^^^^^^^^^^^^^^^
  File "/home/airflow/.local/lib/python3.12/site-packages/airflow/utils/cli.py", line 115, in wrapper
    return f(*args, **kwargs)
           ^^^^^^^^^^^^^^^^^^
  File "/home/airflow/.local/lib/python3.12/site-packages/airflow/cli/commands/task_command.py", line 483, in task_run
    task_return_code = _run_task_by_selected_method(args, _dag, ti)
                       ^^^^^^^^^^^^^^^^^^^^^^^^^^^^^^^^^^^^^^^^^^^^
  File "/home/airflow/.local/lib/python3.12/site-packages/airflow/cli/commands/task_command.py", line 256, in _run_task_by_selected_method
    return _run_raw_task(args, ti)
           ^^^^^^^^^^^^^^^^^^^^^^^
  File "/home/airflow/.local/lib/python3.12/site-packages/airflow/cli/commands/task_command.py", line 341, in _run_raw_task
    return ti._run_raw_task(
           ^^^^^^^^^^^^^^^^^
  File "/home/airflow/.local/lib/python3.12/site-packages/airflow/utils/session.py", line 97, in wrapper
    return func(*args, session=session, **kwargs)
           ^^^^^^^^^^^^^^^^^^^^^^^^^^^^^^^^^^^^^^
  File "/home/airflow/.local/lib/python3.12/site-packages/airflow/models/taskinstance.py", line 2995, in _run_raw_task
    return _run_raw_task(
           ^^^^^^^^^^^^^^
  File "/home/airflow/.local/lib/python3.12/site-packages/airflow/models/taskinstance.py", line 273, in _run_raw_task
    TaskInstance._execute_task_with_callbacks(
  File "/home/airflow/.local/lib/python3.12/site-packages/airflow/models/taskinstance.py", line 3149, in _execute_task_with_callbacks
    result = self._execute_task(context, task_orig)
             ^^^^^^^^^^^^^^^^^^^^^^^^^^^^^^^^^^^^^^
  File "/home/airflow/.local/lib/python3.12/site-packages/airflow/models/taskinstance.py", line 3173, in _execute_task
    return _execute_task(self, context, task_orig)
           ^^^^^^^^^^^^^^^^^^^^^^^^^^^^^^^^^^^^^^^
  File "/home/airflow/.local/lib/python3.12/site-packages/airflow/models/taskinstance.py", line 767, in _execute_task
    result = _execute_callable(context=context, **execute_callable_kwargs)
             ^^^^^^^^^^^^^^^^^^^^^^^^^^^^^^^^^^^^^^^^^^^^^^^^^^^^^^^^^^^^^
  File "/home/airflow/.local/lib/python3.12/site-packages/airflow/models/taskinstance.py", line 733, in _execute_callable
    return ExecutionCallableRunner(
           ^^^^^^^^^^^^^^^^^^^^^^^^
  File "/home/airflow/.local/lib/python3.12/site-packages/airflow/utils/operator_helpers.py", line 252, in run
    return self.func(*args, **kwargs)
           ^^^^^^^^^^^^^^^^^^^^^^^^^^
  File "/home/airflow/.local/lib/python3.12/site-packages/airflow/models/baseoperator.py", line 406, in wrapper
    return func(self, *args, **kwargs)
           ^^^^^^^^^^^^^^^^^^^^^^^^^^^
  File "/home/airflow/.local/lib/python3.12/site-packages/airflow/operators/python.py", line 238, in execute
    return_value = self.execute_callable()
                   ^^^^^^^^^^^^^^^^^^^^^^^
  File "/home/airflow/.local/lib/python3.12/site-packages/airflow/operators/python.py", line 256, in execute_callable
    return runner.run(*self.op_args, **self.op_kwargs)
           ^^^^^^^^^^^^^^^^^^^^^^^^^^^^^^^^^^^^^^^^^^^
  File "/home/airflow/.local/lib/python3.12/site-packages/airflow/utils/operator_helpers.py", line 252, in run
    return self.func(*args, **kwargs)
           ^^^^^^^^^^^^^^^^^^^^^^^^^^
  File "/opt/airflow/dags/banking_dq_dag.py", line 56, in run_monitoring_audit_task
    raise Exception("Monitoring checks failed")
Exception: Monitoring checks failed
[2025-07-19T18:06:06.941+0000] {local_task_job_runner.py:261} INFO - Task exited with return code 1
[2025-07-19T18:06:06.954+0000] {taskinstance.py:3891} INFO - 0 downstream tasks scheduled from follow-on schedule check
[2025-07-19T18:06:06.955+0000] {local_task_job_runner.py:240} INFO - ::endgroup::
