[2025-07-19T16:49:41.766+0000] {manager.py:483} INFO - Processing files using up to 2 processes at a time 
[2025-07-19T16:49:41.767+0000] {manager.py:484} INFO - Process each file at most once every 30 seconds
[2025-07-19T16:49:41.767+0000] {manager.py:485} INFO - Checking for new files in /opt/airflow/dags every 300 seconds
[2025-07-19T16:49:41.767+0000] {manager.py:821} INFO - Searching for files in /opt/airflow/dags
[2025-07-19T16:49:41.769+0000] {manager.py:824} INFO - There are 0 files in /opt/airflow/dags
[2025-07-19T16:54:42.124+0000] {manager.py:821} INFO - Searching for files in /opt/airflow/dags
[2025-07-19T16:54:42.124+0000] {manager.py:824} INFO - There are 0 files in /opt/airflow/dags
[2025-07-19T16:56:41.252+0000] {manager.py:465} INFO - Exiting gracefully upon receiving signal 15
[2025-07-19T16:58:16.802+0000] {manager.py:483} INFO - Processing files using up to 2 processes at a time 
[2025-07-19T16:58:16.803+0000] {manager.py:484} INFO - Process each file at most once every 30 seconds
[2025-07-19T16:58:16.804+0000] {manager.py:485} INFO - Checking for new files in /opt/airflow/dags every 300 seconds
[2025-07-19T16:58:16.805+0000] {manager.py:821} INFO - Searching for files in /opt/airflow/dags
[2025-07-19T16:58:16.807+0000] {manager.py:824} INFO - There are 1 files in /opt/airflow/dags
[2025-07-19T16:58:16.959+0000] {manager.py:997} INFO - 
================================================================================
DAG File Processing Stats

File Path                              PID  Runtime      # DAGs    # Errors  Last Runtime    Last Run      Last # of DB Queries
-----------------------------------  -----  ---------  --------  ----------  --------------  ----------  ----------------------
/opt/airflow/dags/banking_dq_dag.py     38  0.06s             0           0                                                   0
================================================================================
[2025-07-19T16:58:47.274+0000] {manager.py:997} INFO - 
================================================================================
DAG File Processing Stats

File Path                            PID    Runtime      # DAGs    # Errors  Last Runtime    Last Run               Last # of DB Queries
-----------------------------------  -----  ---------  --------  ----------  --------------  -------------------  ----------------------
/opt/airflow/dags/banking_dq_dag.py                           0           1  3.04s           2025-07-19T16:58:19                       3
================================================================================
[2025-07-19T16:59:17.514+0000] {manager.py:997} INFO - 
================================================================================
DAG File Processing Stats

File Path                            PID    Runtime      # DAGs    # Errors  Last Runtime    Last Run               Last # of DB Queries
-----------------------------------  -----  ---------  --------  ----------  --------------  -------------------  ----------------------
/opt/airflow/dags/banking_dq_dag.py                           0           1  0.99s           2025-07-19T16:58:51                       5
================================================================================
[2025-07-19T16:59:47.740+0000] {manager.py:997} INFO - 
================================================================================
DAG File Processing Stats

File Path                            PID    Runtime      # DAGs    # Errors  Last Runtime    Last Run               Last # of DB Queries
-----------------------------------  -----  ---------  --------  ----------  --------------  -------------------  ----------------------
/opt/airflow/dags/banking_dq_dag.py                           0           1  0.94s           2025-07-19T16:59:22                       5
================================================================================
[2025-07-19T17:00:18.129+0000] {manager.py:997} INFO - 
================================================================================
DAG File Processing Stats

File Path                            PID    Runtime      # DAGs    # Errors  Last Runtime    Last Run               Last # of DB Queries
-----------------------------------  -----  ---------  --------  ----------  --------------  -------------------  ----------------------
/opt/airflow/dags/banking_dq_dag.py                           0           1  0.54s           2025-07-19T16:59:53                       5
================================================================================
[2025-07-19T17:00:48.307+0000] {manager.py:997} INFO - 
================================================================================
DAG File Processing Stats

File Path                            PID    Runtime      # DAGs    # Errors  Last Runtime    Last Run               Last # of DB Queries
-----------------------------------  -----  ---------  --------  ----------  --------------  -------------------  ----------------------
/opt/airflow/dags/banking_dq_dag.py                           0           1  0.61s           2025-07-19T17:00:24                       5
================================================================================
[2025-07-19T17:01:19.041+0000] {manager.py:997} INFO - 
================================================================================
DAG File Processing Stats

File Path                            PID    Runtime      # DAGs    # Errors  Last Runtime    Last Run               Last # of DB Queries
-----------------------------------  -----  ---------  --------  ----------  --------------  -------------------  ----------------------
/opt/airflow/dags/banking_dq_dag.py                           0           1  0.69s           2025-07-19T17:00:55                       5
================================================================================
[2025-07-19T17:01:49.470+0000] {manager.py:997} INFO - 
================================================================================
DAG File Processing Stats

File Path                            PID    Runtime      # DAGs    # Errors  Last Runtime    Last Run               Last # of DB Queries
-----------------------------------  -----  ---------  --------  ----------  --------------  -------------------  ----------------------
/opt/airflow/dags/banking_dq_dag.py                           0           1  0.53s           2025-07-19T17:01:25                       5
================================================================================
[2025-07-19T17:02:19.581+0000] {manager.py:997} INFO - 
================================================================================
DAG File Processing Stats

File Path                            PID    Runtime      # DAGs    # Errors  Last Runtime    Last Run               Last # of DB Queries
-----------------------------------  -----  ---------  --------  ----------  --------------  -------------------  ----------------------
/opt/airflow/dags/banking_dq_dag.py                           0           1  0.62s           2025-07-19T17:01:56                       5
================================================================================
[2025-07-19T17:02:50.273+0000] {manager.py:997} INFO - 
================================================================================
DAG File Processing Stats

File Path                            PID    Runtime      # DAGs    # Errors  Last Runtime    Last Run               Last # of DB Queries
-----------------------------------  -----  ---------  --------  ----------  --------------  -------------------  ----------------------
/opt/airflow/dags/banking_dq_dag.py                           0           1  0.70s           2025-07-19T17:02:27                       5
================================================================================
[2025-07-19T17:03:17.116+0000] {manager.py:821} INFO - Searching for files in /opt/airflow/dags
[2025-07-19T17:03:17.118+0000] {manager.py:824} INFO - There are 1 files in /opt/airflow/dags
[2025-07-19T17:03:20.695+0000] {manager.py:997} INFO - 
================================================================================
DAG File Processing Stats

File Path                            PID    Runtime      # DAGs    # Errors  Last Runtime    Last Run               Last # of DB Queries
-----------------------------------  -----  ---------  --------  ----------  --------------  -------------------  ----------------------
/opt/airflow/dags/banking_dq_dag.py                           0           1  0.51s           2025-07-19T17:02:57                       5
================================================================================
[2025-07-19T17:03:50.950+0000] {manager.py:997} INFO - 
================================================================================
DAG File Processing Stats

File Path                            PID    Runtime      # DAGs    # Errors  Last Runtime    Last Run               Last # of DB Queries
-----------------------------------  -----  ---------  --------  ----------  --------------  -------------------  ----------------------
/opt/airflow/dags/banking_dq_dag.py                           0           1  0.55s           2025-07-19T17:03:28                       5
================================================================================
[2025-07-19T17:04:21.551+0000] {manager.py:997} INFO - 
================================================================================
DAG File Processing Stats

File Path                            PID    Runtime      # DAGs    # Errors  Last Runtime    Last Run               Last # of DB Queries
-----------------------------------  -----  ---------  --------  ----------  --------------  -------------------  ----------------------
/opt/airflow/dags/banking_dq_dag.py                           0           1  0.57s           2025-07-19T17:03:59                       5
================================================================================
[2025-07-19T17:04:51.913+0000] {manager.py:997} INFO - 
================================================================================
DAG File Processing Stats

File Path                            PID    Runtime      # DAGs    # Errors  Last Runtime    Last Run               Last # of DB Queries
-----------------------------------  -----  ---------  --------  ----------  --------------  -------------------  ----------------------
/opt/airflow/dags/banking_dq_dag.py                           0           1  0.67s           2025-07-19T17:04:30                       5
================================================================================
[2025-07-19T17:05:22.146+0000] {manager.py:997} INFO - 
================================================================================
DAG File Processing Stats

File Path                            PID    Runtime      # DAGs    # Errors  Last Runtime    Last Run               Last # of DB Queries
-----------------------------------  -----  ---------  --------  ----------  --------------  -------------------  ----------------------
/opt/airflow/dags/banking_dq_dag.py                           0           1  0.61s           2025-07-19T17:05:01                       5
================================================================================
[2025-07-19T17:05:52.433+0000] {manager.py:997} INFO - 
================================================================================
DAG File Processing Stats

File Path                            PID    Runtime      # DAGs    # Errors  Last Runtime    Last Run               Last # of DB Queries
-----------------------------------  -----  ---------  --------  ----------  --------------  -------------------  ----------------------
/opt/airflow/dags/banking_dq_dag.py                           0           1  0.68s           2025-07-19T17:05:31                       5
================================================================================
[2025-07-19T17:06:22.664+0000] {manager.py:997} INFO - 
================================================================================
DAG File Processing Stats

File Path                            PID    Runtime      # DAGs    # Errors  Last Runtime    Last Run               Last # of DB Queries
-----------------------------------  -----  ---------  --------  ----------  --------------  -------------------  ----------------------
/opt/airflow/dags/banking_dq_dag.py                           0           1  0.49s           2025-07-19T17:06:02                       5
================================================================================
[2025-07-19T17:06:52.886+0000] {manager.py:997} INFO - 
================================================================================
DAG File Processing Stats

File Path                            PID    Runtime      # DAGs    # Errors  Last Runtime    Last Run               Last # of DB Queries
-----------------------------------  -----  ---------  --------  ----------  --------------  -------------------  ----------------------
/opt/airflow/dags/banking_dq_dag.py                           0           1  0.48s           2025-07-19T17:06:33                       5
================================================================================
[2025-07-19T17:07:20.035+0000] {manager.py:465} INFO - Exiting gracefully upon receiving signal 15
[2025-07-19T17:08:27.375+0000] {manager.py:483} INFO - Processing files using up to 2 processes at a time 
[2025-07-19T17:08:27.376+0000] {manager.py:484} INFO - Process each file at most once every 30 seconds
[2025-07-19T17:08:27.377+0000] {manager.py:485} INFO - Checking for new files in /opt/airflow/dags every 300 seconds
[2025-07-19T17:08:27.377+0000] {manager.py:821} INFO - Searching for files in /opt/airflow/dags
[2025-07-19T17:08:27.380+0000] {manager.py:824} INFO - There are 1 files in /opt/airflow/dags
[2025-07-19T17:08:27.482+0000] {manager.py:997} INFO - 
================================================================================
DAG File Processing Stats

File Path                              PID  Runtime      # DAGs    # Errors  Last Runtime    Last Run      Last # of DB Queries
-----------------------------------  -----  ---------  --------  ----------  --------------  ----------  ----------------------
/opt/airflow/dags/banking_dq_dag.py     37  0.04s             0           0                                                   0
================================================================================
[2025-07-19T17:08:57.753+0000] {manager.py:997} INFO - 
================================================================================
DAG File Processing Stats

File Path                            PID    Runtime      # DAGs    # Errors  Last Runtime    Last Run               Last # of DB Queries
-----------------------------------  -----  ---------  --------  ----------  --------------  -------------------  ----------------------
/opt/airflow/dags/banking_dq_dag.py                           0           1  4.31s           2025-07-19T17:08:31                       3
================================================================================
[2025-07-19T17:09:28.115+0000] {manager.py:997} INFO - 
================================================================================
DAG File Processing Stats

File Path                            PID    Runtime      # DAGs    # Errors  Last Runtime    Last Run               Last # of DB Queries
-----------------------------------  -----  ---------  --------  ----------  --------------  -------------------  ----------------------
/opt/airflow/dags/banking_dq_dag.py                           0           1  0.70s           2025-07-19T17:09:02                       5
================================================================================
[2025-07-19T17:09:58.370+0000] {manager.py:997} INFO - 
================================================================================
DAG File Processing Stats

File Path                            PID    Runtime      # DAGs    # Errors  Last Runtime    Last Run               Last # of DB Queries
-----------------------------------  -----  ---------  --------  ----------  --------------  -------------------  ----------------------
/opt/airflow/dags/banking_dq_dag.py                           0           1  0.81s           2025-07-19T17:09:33                       5
================================================================================
[2025-07-19T17:10:28.441+0000] {manager.py:997} INFO - 
================================================================================
DAG File Processing Stats

File Path                            PID    Runtime      # DAGs    # Errors  Last Runtime    Last Run               Last # of DB Queries
-----------------------------------  -----  ---------  --------  ----------  --------------  -------------------  ----------------------
/opt/airflow/dags/banking_dq_dag.py                           0           1  0.66s           2025-07-19T17:10:04                       5
================================================================================
[2025-07-19T17:10:59.051+0000] {manager.py:997} INFO - 
================================================================================
DAG File Processing Stats

File Path                            PID    Runtime      # DAGs    # Errors  Last Runtime    Last Run               Last # of DB Queries
-----------------------------------  -----  ---------  --------  ----------  --------------  -------------------  ----------------------
/opt/airflow/dags/banking_dq_dag.py                           0           1  0.68s           2025-07-19T17:10:35                       5
================================================================================
[2025-07-19T17:11:18.948+0000] {manager.py:465} INFO - Exiting gracefully upon receiving signal 15
[2025-07-19T17:12:23.479+0000] {manager.py:483} INFO - Processing files using up to 2 processes at a time 
[2025-07-19T17:12:23.480+0000] {manager.py:484} INFO - Process each file at most once every 30 seconds
[2025-07-19T17:12:23.481+0000] {manager.py:485} INFO - Checking for new files in /opt/airflow/dags every 300 seconds
[2025-07-19T17:12:23.481+0000] {manager.py:821} INFO - Searching for files in /opt/airflow/dags
[2025-07-19T17:12:23.483+0000] {manager.py:824} INFO - There are 1 files in /opt/airflow/dags
[2025-07-19T17:12:23.577+0000] {manager.py:997} INFO - 
================================================================================
DAG File Processing Stats

File Path                              PID  Runtime      # DAGs    # Errors  Last Runtime    Last Run      Last # of DB Queries
-----------------------------------  -----  ---------  --------  ----------  --------------  ----------  ----------------------
/opt/airflow/dags/banking_dq_dag.py     38  0.04s             0           0                                                   0
================================================================================
[2025-07-19T17:12:53.787+0000] {manager.py:997} INFO - 
================================================================================
DAG File Processing Stats

File Path                            PID    Runtime      # DAGs    # Errors  Last Runtime    Last Run               Last # of DB Queries
-----------------------------------  -----  ---------  --------  ----------  --------------  -------------------  ----------------------
/opt/airflow/dags/banking_dq_dag.py                           0           1  3.60s           2025-07-19T17:12:27                       3
================================================================================
[2025-07-19T17:13:23.993+0000] {manager.py:997} INFO - 
================================================================================
DAG File Processing Stats

File Path                            PID    Runtime      # DAGs    # Errors  Last Runtime    Last Run               Last # of DB Queries
-----------------------------------  -----  ---------  --------  ----------  --------------  -------------------  ----------------------
/opt/airflow/dags/banking_dq_dag.py                           0           1  0.74s           2025-07-19T17:12:58                       5
================================================================================
[2025-07-19T17:13:54.344+0000] {manager.py:997} INFO - 
================================================================================
DAG File Processing Stats

File Path                            PID    Runtime      # DAGs    # Errors  Last Runtime    Last Run               Last # of DB Queries
-----------------------------------  -----  ---------  --------  ----------  --------------  -------------------  ----------------------
/opt/airflow/dags/banking_dq_dag.py                           0           1  0.65s           2025-07-19T17:13:28                       5
================================================================================
[2025-07-19T17:14:24.560+0000] {manager.py:997} INFO - 
================================================================================
DAG File Processing Stats

File Path                            PID    Runtime      # DAGs    # Errors  Last Runtime    Last Run               Last # of DB Queries
-----------------------------------  -----  ---------  --------  ----------  --------------  -------------------  ----------------------
/opt/airflow/dags/banking_dq_dag.py                           0           1  0.73s           2025-07-19T17:13:59                       5
================================================================================
[2025-07-19T17:14:54.762+0000] {manager.py:997} INFO - 
================================================================================
DAG File Processing Stats

File Path                            PID    Runtime      # DAGs    # Errors  Last Runtime    Last Run               Last # of DB Queries
-----------------------------------  -----  ---------  --------  ----------  --------------  -------------------  ----------------------
/opt/airflow/dags/banking_dq_dag.py                           0           1  0.69s           2025-07-19T17:14:30                       5
================================================================================
[2025-07-19T17:15:09.674+0000] {manager.py:465} INFO - Exiting gracefully upon receiving signal 15
[2025-07-19T17:16:18.369+0000] {manager.py:483} INFO - Processing files using up to 2 processes at a time 
[2025-07-19T17:16:18.369+0000] {manager.py:484} INFO - Process each file at most once every 30 seconds
[2025-07-19T17:16:18.370+0000] {manager.py:485} INFO - Checking for new files in /opt/airflow/dags every 300 seconds
[2025-07-19T17:16:18.370+0000] {manager.py:821} INFO - Searching for files in /opt/airflow/dags
[2025-07-19T17:16:18.372+0000] {manager.py:824} INFO - There are 1 files in /opt/airflow/dags
[2025-07-19T17:16:18.464+0000] {manager.py:997} INFO - 
================================================================================
DAG File Processing Stats

File Path                              PID  Runtime      # DAGs    # Errors  Last Runtime    Last Run      Last # of DB Queries
-----------------------------------  -----  ---------  --------  ----------  --------------  ----------  ----------------------
/opt/airflow/dags/banking_dq_dag.py     38  0.04s             0           0                                                   0
================================================================================
[2025-07-19T17:16:48.554+0000] {manager.py:997} INFO - 
================================================================================
DAG File Processing Stats

File Path                            PID    Runtime      # DAGs    # Errors  Last Runtime    Last Run               Last # of DB Queries
-----------------------------------  -----  ---------  --------  ----------  --------------  -------------------  ----------------------
/opt/airflow/dags/banking_dq_dag.py                           0           1  3.98s           2025-07-19T17:16:22                       3
================================================================================
[2025-07-19T17:17:18.957+0000] {manager.py:997} INFO - 
================================================================================
DAG File Processing Stats

File Path                            PID    Runtime      # DAGs    # Errors  Last Runtime    Last Run               Last # of DB Queries
-----------------------------------  -----  ---------  --------  ----------  --------------  -------------------  ----------------------
/opt/airflow/dags/banking_dq_dag.py                           0           1  1.18s           2025-07-19T17:16:53                       5
================================================================================
[2025-07-19T17:17:48.987+0000] {manager.py:997} INFO - 
================================================================================
DAG File Processing Stats

File Path                            PID    Runtime      # DAGs    # Errors  Last Runtime    Last Run               Last # of DB Queries
-----------------------------------  -----  ---------  --------  ----------  --------------  -------------------  ----------------------
/opt/airflow/dags/banking_dq_dag.py                           0           1  0.86s           2025-07-19T17:17:24                       5
================================================================================
[2025-07-19T17:17:50.715+0000] {manager.py:465} INFO - Exiting gracefully upon receiving signal 15
[2025-07-19T17:19:17.627+0000] {manager.py:483} INFO - Processing files using up to 2 processes at a time 
[2025-07-19T17:19:17.628+0000] {manager.py:484} INFO - Process each file at most once every 30 seconds
[2025-07-19T17:19:17.629+0000] {manager.py:485} INFO - Checking for new files in /opt/airflow/dags every 300 seconds
[2025-07-19T17:19:17.629+0000] {manager.py:821} INFO - Searching for files in /opt/airflow/dags
[2025-07-19T17:19:17.631+0000] {manager.py:824} INFO - There are 1 files in /opt/airflow/dags
[2025-07-19T17:19:17.721+0000] {manager.py:997} INFO - 
================================================================================
DAG File Processing Stats

File Path                              PID  Runtime      # DAGs    # Errors  Last Runtime    Last Run      Last # of DB Queries
-----------------------------------  -----  ---------  --------  ----------  --------------  ----------  ----------------------
/opt/airflow/dags/banking_dq_dag.py     38  0.03s             0           0                                                   0
================================================================================
[2025-07-19T17:19:47.748+0000] {manager.py:997} INFO - 
================================================================================
DAG File Processing Stats

File Path                            PID    Runtime      # DAGs    # Errors  Last Runtime    Last Run               Last # of DB Queries
-----------------------------------  -----  ---------  --------  ----------  --------------  -------------------  ----------------------
/opt/airflow/dags/banking_dq_dag.py                           0           1  3.91s           2025-07-19T17:19:21                       3
================================================================================
[2025-07-19T17:20:18.155+0000] {manager.py:997} INFO - 
================================================================================
DAG File Processing Stats

File Path                            PID    Runtime      # DAGs    # Errors  Last Runtime    Last Run               Last # of DB Queries
-----------------------------------  -----  ---------  --------  ----------  --------------  -------------------  ----------------------
/opt/airflow/dags/banking_dq_dag.py                           0           1  0.72s           2025-07-19T17:19:52                       5
================================================================================
[2025-07-19T17:20:48.849+0000] {manager.py:997} INFO - 
================================================================================
DAG File Processing Stats

File Path                            PID    Runtime      # DAGs    # Errors  Last Runtime    Last Run               Last # of DB Queries
-----------------------------------  -----  ---------  --------  ----------  --------------  -------------------  ----------------------
/opt/airflow/dags/banking_dq_dag.py                           0           1  1.04s           2025-07-19T17:20:23                       5
================================================================================
[2025-07-19T17:21:19.153+0000] {manager.py:997} INFO - 
================================================================================
DAG File Processing Stats

File Path                            PID    Runtime      # DAGs    # Errors  Last Runtime    Last Run               Last # of DB Queries
-----------------------------------  -----  ---------  --------  ----------  --------------  -------------------  ----------------------
/opt/airflow/dags/banking_dq_dag.py                           0           1  0.71s           2025-07-19T17:20:54                       5
================================================================================
[2025-07-19T17:21:49.394+0000] {manager.py:997} INFO - 
================================================================================
DAG File Processing Stats

File Path                            PID    Runtime      # DAGs    # Errors  Last Runtime    Last Run               Last # of DB Queries
-----------------------------------  -----  ---------  --------  ----------  --------------  -------------------  ----------------------
/opt/airflow/dags/banking_dq_dag.py                           0           1  0.94s           2025-07-19T17:21:25                       5
================================================================================
[2025-07-19T17:22:19.576+0000] {manager.py:997} INFO - 
================================================================================
DAG File Processing Stats

File Path                            PID    Runtime      # DAGs    # Errors  Last Runtime    Last Run               Last # of DB Queries
-----------------------------------  -----  ---------  --------  ----------  --------------  -------------------  ----------------------
/opt/airflow/dags/banking_dq_dag.py                           0           1  0.72s           2025-07-19T17:21:56                       5
================================================================================
[2025-07-19T17:22:39.823+0000] {manager.py:465} INFO - Exiting gracefully upon receiving signal 15
[2025-07-19T17:29:01.104+0000] {manager.py:483} INFO - Processing files using up to 2 processes at a time 
[2025-07-19T17:29:01.105+0000] {manager.py:484} INFO - Process each file at most once every 30 seconds
[2025-07-19T17:29:01.106+0000] {manager.py:485} INFO - Checking for new files in /opt/airflow/dags every 300 seconds
[2025-07-19T17:29:01.107+0000] {manager.py:821} INFO - Searching for files in /opt/airflow/dags
[2025-07-19T17:29:01.110+0000] {manager.py:824} INFO - There are 1 files in /opt/airflow/dags
[2025-07-19T17:29:01.213+0000] {manager.py:997} INFO - 
================================================================================
DAG File Processing Stats

File Path                              PID  Runtime      # DAGs    # Errors  Last Runtime    Last Run      Last # of DB Queries
-----------------------------------  -----  ---------  --------  ----------  --------------  ----------  ----------------------
/opt/airflow/dags/banking_dq_dag.py     38  0.04s             0           0                                                   0
================================================================================
[2025-07-19T17:29:31.423+0000] {manager.py:997} INFO - 
================================================================================
DAG File Processing Stats

File Path                            PID    Runtime      # DAGs    # Errors  Last Runtime    Last Run               Last # of DB Queries
-----------------------------------  -----  ---------  --------  ----------  --------------  -------------------  ----------------------
/opt/airflow/dags/banking_dq_dag.py                           1           0  4.73s           2025-07-19T17:29:05                      26
================================================================================
[2025-07-19T17:30:01.644+0000] {manager.py:997} INFO - 
================================================================================
DAG File Processing Stats

File Path                            PID    Runtime      # DAGs    # Errors  Last Runtime    Last Run               Last # of DB Queries
-----------------------------------  -----  ---------  --------  ----------  --------------  -------------------  ----------------------
/opt/airflow/dags/banking_dq_dag.py                           1           0  0.96s           2025-07-19T17:29:37                      12
================================================================================
[2025-07-19T17:30:32.444+0000] {manager.py:997} INFO - 
================================================================================
DAG File Processing Stats

File Path                            PID    Runtime      # DAGs    # Errors  Last Runtime    Last Run               Last # of DB Queries
-----------------------------------  -----  ---------  --------  ----------  --------------  -------------------  ----------------------
/opt/airflow/dags/banking_dq_dag.py                           1           0  1.03s           2025-07-19T17:30:08                      12
================================================================================
[2025-07-19T17:31:02.512+0000] {manager.py:997} INFO - 
================================================================================
DAG File Processing Stats

File Path                            PID    Runtime      # DAGs    # Errors  Last Runtime    Last Run               Last # of DB Queries
-----------------------------------  -----  ---------  --------  ----------  --------------  -------------------  ----------------------
/opt/airflow/dags/banking_dq_dag.py                           1           0  0.89s           2025-07-19T17:30:39                      12
================================================================================
[2025-07-19T17:31:32.851+0000] {manager.py:997} INFO - 
================================================================================
DAG File Processing Stats

File Path                            PID    Runtime      # DAGs    # Errors  Last Runtime    Last Run               Last # of DB Queries
-----------------------------------  -----  ---------  --------  ----------  --------------  -------------------  ----------------------
/opt/airflow/dags/banking_dq_dag.py                           1           0  0.82s           2025-07-19T17:31:10                      12
================================================================================
[2025-07-19T17:32:03.040+0000] {manager.py:997} INFO - 
================================================================================
DAG File Processing Stats

File Path                            PID    Runtime      # DAGs    # Errors  Last Runtime    Last Run               Last # of DB Queries
-----------------------------------  -----  ---------  --------  ----------  --------------  -------------------  ----------------------
/opt/airflow/dags/banking_dq_dag.py                           1           0  0.95s           2025-07-19T17:31:41                      12
================================================================================
[2025-07-19T17:32:33.258+0000] {manager.py:997} INFO - 
================================================================================
DAG File Processing Stats

File Path                            PID    Runtime      # DAGs    # Errors  Last Runtime    Last Run               Last # of DB Queries
-----------------------------------  -----  ---------  --------  ----------  --------------  -------------------  ----------------------
/opt/airflow/dags/banking_dq_dag.py                           1           0  0.82s           2025-07-19T17:32:12                      12
================================================================================
[2025-07-19T17:33:03.483+0000] {manager.py:997} INFO - 
================================================================================
DAG File Processing Stats

File Path                            PID    Runtime      # DAGs    # Errors  Last Runtime    Last Run               Last # of DB Queries
-----------------------------------  -----  ---------  --------  ----------  --------------  -------------------  ----------------------
/opt/airflow/dags/banking_dq_dag.py                           1           0  0.83s           2025-07-19T17:32:43                      12
================================================================================
[2025-07-19T17:33:33.826+0000] {manager.py:997} INFO - 
================================================================================
DAG File Processing Stats

File Path                            PID    Runtime      # DAGs    # Errors  Last Runtime    Last Run               Last # of DB Queries
-----------------------------------  -----  ---------  --------  ----------  --------------  -------------------  ----------------------
/opt/airflow/dags/banking_dq_dag.py                           1           0  1.65s           2025-07-19T17:33:15                      12
================================================================================
[2025-07-19T17:34:01.583+0000] {manager.py:821} INFO - Searching for files in /opt/airflow/dags
[2025-07-19T17:34:01.592+0000] {manager.py:824} INFO - There are 1 files in /opt/airflow/dags
[2025-07-19T17:34:03.945+0000] {manager.py:997} INFO - 
================================================================================
DAG File Processing Stats

File Path                            PID    Runtime      # DAGs    # Errors  Last Runtime    Last Run               Last # of DB Queries
-----------------------------------  -----  ---------  --------  ----------  --------------  -------------------  ----------------------
/opt/airflow/dags/banking_dq_dag.py                           1           0  1.38s           2025-07-19T17:33:46                      12
================================================================================
[2025-07-19T17:34:33.991+0000] {manager.py:997} INFO - 
================================================================================
DAG File Processing Stats

File Path                            PID    Runtime      # DAGs    # Errors  Last Runtime    Last Run               Last # of DB Queries
-----------------------------------  -----  ---------  --------  ----------  --------------  -------------------  ----------------------
/opt/airflow/dags/banking_dq_dag.py                           1           0  0.90s           2025-07-19T17:34:17                      12
================================================================================
[2025-07-19T17:35:04.175+0000] {manager.py:997} INFO - 
================================================================================
DAG File Processing Stats

File Path                            PID    Runtime      # DAGs    # Errors  Last Runtime    Last Run               Last # of DB Queries
-----------------------------------  -----  ---------  --------  ----------  --------------  -------------------  ----------------------
/opt/airflow/dags/banking_dq_dag.py                           1           0  0.94s           2025-07-19T17:34:54                      12
================================================================================
[2025-07-19T17:35:34.390+0000] {manager.py:997} INFO - 
================================================================================
DAG File Processing Stats

File Path                            PID    Runtime      # DAGs    # Errors  Last Runtime    Last Run               Last # of DB Queries
-----------------------------------  -----  ---------  --------  ----------  --------------  -------------------  ----------------------
/opt/airflow/dags/banking_dq_dag.py                           1           0  0.73s           2025-07-19T17:35:25                      12
================================================================================
[2025-07-19T17:36:04.603+0000] {manager.py:997} INFO - 
================================================================================
DAG File Processing Stats

File Path                            PID    Runtime      # DAGs    # Errors  Last Runtime    Last Run               Last # of DB Queries
-----------------------------------  -----  ---------  --------  ----------  --------------  -------------------  ----------------------
/opt/airflow/dags/banking_dq_dag.py                           1           0  0.87s           2025-07-19T17:35:56                      12
================================================================================
[2025-07-19T17:36:34.814+0000] {manager.py:997} INFO - 
================================================================================
DAG File Processing Stats

File Path                            PID    Runtime      # DAGs    # Errors  Last Runtime    Last Run               Last # of DB Queries
-----------------------------------  -----  ---------  --------  ----------  --------------  -------------------  ----------------------
/opt/airflow/dags/banking_dq_dag.py                           1           0  0.70s           2025-07-19T17:36:27                      12
================================================================================
[2025-07-19T17:37:05.690+0000] {manager.py:997} INFO - 
================================================================================
DAG File Processing Stats

File Path                            PID    Runtime      # DAGs    # Errors  Last Runtime    Last Run               Last # of DB Queries
-----------------------------------  -----  ---------  --------  ----------  --------------  -------------------  ----------------------
/opt/airflow/dags/banking_dq_dag.py                           1           0  1.02s           2025-07-19T17:36:58                      12
================================================================================
[2025-07-19T17:37:35.703+0000] {manager.py:997} INFO - 
================================================================================
DAG File Processing Stats

File Path                            PID    Runtime      # DAGs    # Errors  Last Runtime    Last Run               Last # of DB Queries
-----------------------------------  -----  ---------  --------  ----------  --------------  -------------------  ----------------------
/opt/airflow/dags/banking_dq_dag.py                           1           0  0.83s           2025-07-19T17:37:29                      12
================================================================================
[2025-07-19T17:38:06.073+0000] {manager.py:997} INFO - 
================================================================================
DAG File Processing Stats

File Path                            PID    Runtime      # DAGs    # Errors  Last Runtime    Last Run               Last # of DB Queries
-----------------------------------  -----  ---------  --------  ----------  --------------  -------------------  ----------------------
/opt/airflow/dags/banking_dq_dag.py                           1           0  0.76s           2025-07-19T17:38:00                      12
================================================================================
[2025-07-19T17:38:36.313+0000] {manager.py:997} INFO - 
================================================================================
DAG File Processing Stats

File Path                            PID    Runtime      # DAGs    # Errors  Last Runtime    Last Run               Last # of DB Queries
-----------------------------------  -----  ---------  --------  ----------  --------------  -------------------  ----------------------
/opt/airflow/dags/banking_dq_dag.py                           1           0  0.94s           2025-07-19T17:38:31                      12
================================================================================
[2025-07-19T17:39:01.841+0000] {manager.py:821} INFO - Searching for files in /opt/airflow/dags
[2025-07-19T17:39:01.842+0000] {manager.py:824} INFO - There are 1 files in /opt/airflow/dags
[2025-07-19T17:39:06.534+0000] {manager.py:997} INFO - 
================================================================================
DAG File Processing Stats

File Path                            PID    Runtime      # DAGs    # Errors  Last Runtime    Last Run               Last # of DB Queries
-----------------------------------  -----  ---------  --------  ----------  --------------  -------------------  ----------------------
/opt/airflow/dags/banking_dq_dag.py                           1           0  0.82s           2025-07-19T17:39:02                      12
================================================================================
[2025-07-19T17:39:36.841+0000] {manager.py:997} INFO - 
================================================================================
DAG File Processing Stats

File Path                            PID    Runtime      # DAGs    # Errors  Last Runtime    Last Run               Last # of DB Queries
-----------------------------------  -----  ---------  --------  ----------  --------------  -------------------  ----------------------
/opt/airflow/dags/banking_dq_dag.py                           1           0  0.79s           2025-07-19T17:39:33                      12
================================================================================
[2025-07-19T17:40:07.689+0000] {manager.py:997} INFO - 
================================================================================
DAG File Processing Stats

File Path                            PID    Runtime      # DAGs    # Errors  Last Runtime    Last Run               Last # of DB Queries
-----------------------------------  -----  ---------  --------  ----------  --------------  -------------------  ----------------------
/opt/airflow/dags/banking_dq_dag.py                           1           0  1.09s           2025-07-19T17:40:04                      12
================================================================================
[2025-07-19T17:40:37.928+0000] {manager.py:997} INFO - 
================================================================================
DAG File Processing Stats

File Path                            PID    Runtime      # DAGs    # Errors  Last Runtime    Last Run               Last # of DB Queries
-----------------------------------  -----  ---------  --------  ----------  --------------  -------------------  ----------------------
/opt/airflow/dags/banking_dq_dag.py                           1           0  0.73s           2025-07-19T17:40:35                      12
================================================================================
[2025-07-19T17:41:08.128+0000] {manager.py:997} INFO - 
================================================================================
DAG File Processing Stats

File Path                            PID    Runtime      # DAGs    # Errors  Last Runtime    Last Run               Last # of DB Queries
-----------------------------------  -----  ---------  --------  ----------  --------------  -------------------  ----------------------
/opt/airflow/dags/banking_dq_dag.py                           1           0  0.74s           2025-07-19T17:41:06                      12
================================================================================
[2025-07-19T17:41:38.340+0000] {manager.py:997} INFO - 
================================================================================
DAG File Processing Stats

File Path                            PID    Runtime      # DAGs    # Errors  Last Runtime    Last Run               Last # of DB Queries
-----------------------------------  -----  ---------  --------  ----------  --------------  -------------------  ----------------------
/opt/airflow/dags/banking_dq_dag.py                           1           0  0.79s           2025-07-19T17:41:37                      12
================================================================================
[2025-07-19T17:42:08.591+0000] {manager.py:997} INFO - 
================================================================================
DAG File Processing Stats

File Path                            PID    Runtime      # DAGs    # Errors  Last Runtime    Last Run               Last # of DB Queries
-----------------------------------  -----  ---------  --------  ----------  --------------  -------------------  ----------------------
/opt/airflow/dags/banking_dq_dag.py                           1           0  0.77s           2025-07-19T17:42:08                      12
================================================================================
[2025-07-19T17:42:38.803+0000] {manager.py:997} INFO - 
================================================================================
DAG File Processing Stats

File Path                              PID  Runtime      # DAGs    # Errors  Last Runtime    Last Run               Last # of DB Queries
-----------------------------------  -----  ---------  --------  ----------  --------------  -------------------  ----------------------
/opt/airflow/dags/banking_dq_dag.py    259  0.37s             1           0  0.77s           2025-07-19T17:42:08                      12
================================================================================
[2025-07-19T17:43:09.032+0000] {manager.py:997} INFO - 
================================================================================
DAG File Processing Stats

File Path                            PID    Runtime      # DAGs    # Errors  Last Runtime    Last Run               Last # of DB Queries
-----------------------------------  -----  ---------  --------  ----------  --------------  -------------------  ----------------------
/opt/airflow/dags/banking_dq_dag.py                           1           0  0.77s           2025-07-19T17:42:39                      12
================================================================================
[2025-07-19T17:43:39.261+0000] {manager.py:997} INFO - 
================================================================================
DAG File Processing Stats

File Path                            PID    Runtime      # DAGs    # Errors  Last Runtime    Last Run               Last # of DB Queries
-----------------------------------  -----  ---------  --------  ----------  --------------  -------------------  ----------------------
/opt/airflow/dags/banking_dq_dag.py                           1           0  0.88s           2025-07-19T17:43:10                      12
================================================================================
[2025-07-19T17:44:02.306+0000] {manager.py:821} INFO - Searching for files in /opt/airflow/dags
[2025-07-19T17:44:02.307+0000] {manager.py:824} INFO - There are 1 files in /opt/airflow/dags
[2025-07-19T17:44:09.355+0000] {manager.py:997} INFO - 
================================================================================
DAG File Processing Stats

File Path                            PID    Runtime      # DAGs    # Errors  Last Runtime    Last Run               Last # of DB Queries
-----------------------------------  -----  ---------  --------  ----------  --------------  -------------------  ----------------------
/opt/airflow/dags/banking_dq_dag.py                           1           0  0.92s           2025-07-19T17:43:41                      12
================================================================================
[2025-07-19T17:44:39.576+0000] {manager.py:997} INFO - 
================================================================================
DAG File Processing Stats

File Path                            PID    Runtime      # DAGs    # Errors  Last Runtime    Last Run               Last # of DB Queries
-----------------------------------  -----  ---------  --------  ----------  --------------  -------------------  ----------------------
/opt/airflow/dags/banking_dq_dag.py                           1           0  1.09s           2025-07-19T17:44:12                      12
================================================================================
[2025-07-19T17:45:09.678+0000] {manager.py:997} INFO - 
================================================================================
DAG File Processing Stats

File Path                            PID    Runtime      # DAGs    # Errors  Last Runtime    Last Run               Last # of DB Queries
-----------------------------------  -----  ---------  --------  ----------  --------------  -------------------  ----------------------
/opt/airflow/dags/banking_dq_dag.py                           1           0  0.92s           2025-07-19T17:44:43                      12
================================================================================
[2025-07-19T17:45:39.977+0000] {manager.py:997} INFO - 
================================================================================
DAG File Processing Stats

File Path                            PID    Runtime      # DAGs    # Errors  Last Runtime    Last Run               Last # of DB Queries
-----------------------------------  -----  ---------  --------  ----------  --------------  -------------------  ----------------------
/opt/airflow/dags/banking_dq_dag.py                           1           0  0.79s           2025-07-19T17:45:14                      12
================================================================================
[2025-07-19T17:46:10.165+0000] {manager.py:997} INFO - 
================================================================================
DAG File Processing Stats

File Path                            PID    Runtime      # DAGs    # Errors  Last Runtime    Last Run               Last # of DB Queries
-----------------------------------  -----  ---------  --------  ----------  --------------  -------------------  ----------------------
/opt/airflow/dags/banking_dq_dag.py                           1           0  0.78s           2025-07-19T17:45:45                      12
================================================================================
[2025-07-19T17:46:40.389+0000] {manager.py:997} INFO - 
================================================================================
DAG File Processing Stats

File Path                            PID    Runtime      # DAGs    # Errors  Last Runtime    Last Run               Last # of DB Queries
-----------------------------------  -----  ---------  --------  ----------  --------------  -------------------  ----------------------
/opt/airflow/dags/banking_dq_dag.py                           1           0  0.88s           2025-07-19T17:46:16                      12
================================================================================
[2025-07-19T17:47:10.696+0000] {manager.py:997} INFO - 
================================================================================
DAG File Processing Stats

File Path                            PID    Runtime      # DAGs    # Errors  Last Runtime    Last Run               Last # of DB Queries
-----------------------------------  -----  ---------  --------  ----------  --------------  -------------------  ----------------------
/opt/airflow/dags/banking_dq_dag.py                           1           0  0.80s           2025-07-19T17:46:47                      12
================================================================================
[2025-07-19T17:47:40.910+0000] {manager.py:997} INFO - 
================================================================================
DAG File Processing Stats

File Path                            PID    Runtime      # DAGs    # Errors  Last Runtime    Last Run               Last # of DB Queries
-----------------------------------  -----  ---------  --------  ----------  --------------  -------------------  ----------------------
/opt/airflow/dags/banking_dq_dag.py                           1           0  0.70s           2025-07-19T17:47:18                      12
================================================================================
[2025-07-19T17:48:07.031+0000] {manager.py:465} INFO - Exiting gracefully upon receiving signal 15
[2025-07-19T17:50:16.495+0000] {manager.py:483} INFO - Processing files using up to 2 processes at a time 
[2025-07-19T17:50:16.497+0000] {manager.py:484} INFO - Process each file at most once every 30 seconds
[2025-07-19T17:50:16.498+0000] {manager.py:485} INFO - Checking for new files in /opt/airflow/dags every 300 seconds
[2025-07-19T17:50:16.498+0000] {manager.py:821} INFO - Searching for files in /opt/airflow/dags
[2025-07-19T17:50:16.501+0000] {manager.py:824} INFO - There are 1 files in /opt/airflow/dags
[2025-07-19T17:50:16.618+0000] {manager.py:997} INFO - 
================================================================================
DAG File Processing Stats

File Path                              PID  Runtime      # DAGs    # Errors  Last Runtime    Last Run      Last # of DB Queries
-----------------------------------  -----  ---------  --------  ----------  --------------  ----------  ----------------------
/opt/airflow/dags/banking_dq_dag.py     38  0.05s             0           0                                                   0
================================================================================
[2025-07-19T17:50:46.851+0000] {manager.py:997} INFO - 
================================================================================
DAG File Processing Stats

File Path                            PID    Runtime      # DAGs    # Errors  Last Runtime    Last Run               Last # of DB Queries
-----------------------------------  -----  ---------  --------  ----------  --------------  -------------------  ----------------------
/opt/airflow/dags/banking_dq_dag.py                           1           0  5.08s           2025-07-19T17:50:21                      26
================================================================================
[2025-07-19T17:51:16.904+0000] {manager.py:997} INFO - 
================================================================================
DAG File Processing Stats

File Path                            PID    Runtime      # DAGs    # Errors  Last Runtime    Last Run               Last # of DB Queries
-----------------------------------  -----  ---------  --------  ----------  --------------  -------------------  ----------------------
/opt/airflow/dags/banking_dq_dag.py                           1           0  0.90s           2025-07-19T17:50:52                      12
================================================================================
[2025-07-19T17:51:47.231+0000] {manager.py:997} INFO - 
================================================================================
DAG File Processing Stats

File Path                            PID    Runtime      # DAGs    # Errors  Last Runtime    Last Run               Last # of DB Queries
-----------------------------------  -----  ---------  --------  ----------  --------------  -------------------  ----------------------
/opt/airflow/dags/banking_dq_dag.py                           1           0  0.70s           2025-07-19T17:51:23                      12
================================================================================
[2025-07-19T17:52:17.453+0000] {manager.py:997} INFO - 
================================================================================
DAG File Processing Stats

File Path                            PID    Runtime      # DAGs    # Errors  Last Runtime    Last Run               Last # of DB Queries
-----------------------------------  -----  ---------  --------  ----------  --------------  -------------------  ----------------------
/opt/airflow/dags/banking_dq_dag.py                           1           0  0.73s           2025-07-19T17:51:54                      12
================================================================================
[2025-07-19T17:52:47.668+0000] {manager.py:997} INFO - 
================================================================================
DAG File Processing Stats

File Path                            PID    Runtime      # DAGs    # Errors  Last Runtime    Last Run               Last # of DB Queries
-----------------------------------  -----  ---------  --------  ----------  --------------  -------------------  ----------------------
/opt/airflow/dags/banking_dq_dag.py                           1           0  0.86s           2025-07-19T17:52:25                      12
================================================================================
[2025-07-19T17:53:17.875+0000] {manager.py:997} INFO - 
================================================================================
DAG File Processing Stats

File Path                            PID    Runtime      # DAGs    # Errors  Last Runtime    Last Run               Last # of DB Queries
-----------------------------------  -----  ---------  --------  ----------  --------------  -------------------  ----------------------
/opt/airflow/dags/banking_dq_dag.py                           1           0  0.76s           2025-07-19T17:52:56                      12
================================================================================
[2025-07-19T17:53:37.012+0000] {manager.py:465} INFO - Exiting gracefully upon receiving signal 15
[2025-07-19T17:55:06.965+0000] {manager.py:483} INFO - Processing files using up to 2 processes at a time 
[2025-07-19T17:55:06.966+0000] {manager.py:484} INFO - Process each file at most once every 30 seconds
[2025-07-19T17:55:06.966+0000] {manager.py:485} INFO - Checking for new files in /opt/airflow/dags every 300 seconds
[2025-07-19T17:55:06.967+0000] {manager.py:821} INFO - Searching for files in /opt/airflow/dags
[2025-07-19T17:55:06.969+0000] {manager.py:824} INFO - There are 1 files in /opt/airflow/dags
[2025-07-19T17:55:07.063+0000] {manager.py:997} INFO - 
================================================================================
DAG File Processing Stats

File Path                              PID  Runtime      # DAGs    # Errors  Last Runtime    Last Run      Last # of DB Queries
-----------------------------------  -----  ---------  --------  ----------  --------------  ----------  ----------------------
/opt/airflow/dags/banking_dq_dag.py     31  0.04s             0           0                                                   0
================================================================================
[2025-07-19T17:55:37.282+0000] {manager.py:997} INFO - 
================================================================================
DAG File Processing Stats

File Path                            PID    Runtime      # DAGs    # Errors  Last Runtime    Last Run               Last # of DB Queries
-----------------------------------  -----  ---------  --------  ----------  --------------  -------------------  ----------------------
/opt/airflow/dags/banking_dq_dag.py                           1           0  4.64s           2025-07-19T17:55:11                      26
================================================================================
[2025-07-19T17:56:07.490+0000] {manager.py:997} INFO - 
================================================================================
DAG File Processing Stats

File Path                            PID    Runtime      # DAGs    # Errors  Last Runtime    Last Run               Last # of DB Queries
-----------------------------------  -----  ---------  --------  ----------  --------------  -------------------  ----------------------
/opt/airflow/dags/banking_dq_dag.py                           1           0  0.81s           2025-07-19T17:55:42                      12
================================================================================
[2025-07-19T17:56:37.698+0000] {manager.py:997} INFO - 
================================================================================
DAG File Processing Stats

File Path                            PID    Runtime      # DAGs    # Errors  Last Runtime    Last Run               Last # of DB Queries
-----------------------------------  -----  ---------  --------  ----------  --------------  -------------------  ----------------------
/opt/airflow/dags/banking_dq_dag.py                           1           0  0.76s           2025-07-19T17:56:13                      12
================================================================================
[2025-07-19T17:56:47.682+0000] {manager.py:465} INFO - Exiting gracefully upon receiving signal 15
[2025-07-19T17:57:53.108+0000] {manager.py:483} INFO - Processing files using up to 2 processes at a time 
[2025-07-19T17:57:53.108+0000] {manager.py:484} INFO - Process each file at most once every 30 seconds
[2025-07-19T17:57:53.109+0000] {manager.py:485} INFO - Checking for new files in /opt/airflow/dags every 300 seconds
[2025-07-19T17:57:53.109+0000] {manager.py:821} INFO - Searching for files in /opt/airflow/dags
[2025-07-19T17:57:53.110+0000] {manager.py:824} INFO - There are 1 files in /opt/airflow/dags
[2025-07-19T17:57:53.192+0000] {manager.py:997} INFO - 
================================================================================
DAG File Processing Stats

File Path                              PID  Runtime      # DAGs    # Errors  Last Runtime    Last Run      Last # of DB Queries
-----------------------------------  -----  ---------  --------  ----------  --------------  ----------  ----------------------
/opt/airflow/dags/banking_dq_dag.py     38  0.04s             0           0                                                   0
================================================================================
[2025-07-19T17:58:23.380+0000] {manager.py:997} INFO - 
================================================================================
DAG File Processing Stats

File Path                            PID    Runtime      # DAGs    # Errors  Last Runtime    Last Run               Last # of DB Queries
-----------------------------------  -----  ---------  --------  ----------  --------------  -------------------  ----------------------
/opt/airflow/dags/banking_dq_dag.py                           1           0  4.30s           2025-07-19T17:57:57                      26
================================================================================
[2025-07-19T17:58:53.803+0000] {manager.py:997} INFO - 
================================================================================
DAG File Processing Stats

File Path                            PID    Runtime      # DAGs    # Errors  Last Runtime    Last Run               Last # of DB Queries
-----------------------------------  -----  ---------  --------  ----------  --------------  -------------------  ----------------------
/opt/airflow/dags/banking_dq_dag.py                           1           0  1.20s           2025-07-19T17:58:28                      12
================================================================================
[2025-07-19T17:59:24.033+0000] {manager.py:997} INFO - 
================================================================================
DAG File Processing Stats

File Path                            PID    Runtime      # DAGs    # Errors  Last Runtime    Last Run               Last # of DB Queries
-----------------------------------  -----  ---------  --------  ----------  --------------  -------------------  ----------------------
/opt/airflow/dags/banking_dq_dag.py                           1           0  1.09s           2025-07-19T17:58:59                      12
================================================================================
[2025-07-19T17:59:54.115+0000] {manager.py:997} INFO - 
================================================================================
DAG File Processing Stats

File Path                            PID    Runtime      # DAGs    # Errors  Last Runtime    Last Run               Last # of DB Queries
-----------------------------------  -----  ---------  --------  ----------  --------------  -------------------  ----------------------
/opt/airflow/dags/banking_dq_dag.py                           1           0  0.91s           2025-07-19T17:59:30                      12
================================================================================
[2025-07-19T18:00:24.463+0000] {manager.py:997} INFO - 
================================================================================
DAG File Processing Stats

File Path                            PID    Runtime      # DAGs    # Errors  Last Runtime    Last Run               Last # of DB Queries
-----------------------------------  -----  ---------  --------  ----------  --------------  -------------------  ----------------------
/opt/airflow/dags/banking_dq_dag.py                           1           0  0.84s           2025-07-19T18:00:01                      12
================================================================================
[2025-07-19T18:00:54.690+0000] {manager.py:997} INFO - 
================================================================================
DAG File Processing Stats

File Path                            PID    Runtime      # DAGs    # Errors  Last Runtime    Last Run               Last # of DB Queries
-----------------------------------  -----  ---------  --------  ----------  --------------  -------------------  ----------------------
/opt/airflow/dags/banking_dq_dag.py                           1           0  0.91s           2025-07-19T18:00:33                      12
================================================================================
[2025-07-19T18:01:24.916+0000] {manager.py:997} INFO - 
================================================================================
DAG File Processing Stats

File Path                            PID    Runtime      # DAGs    # Errors  Last Runtime    Last Run               Last # of DB Queries
-----------------------------------  -----  ---------  --------  ----------  --------------  -------------------  ----------------------
/opt/airflow/dags/banking_dq_dag.py                           1           0  0.80s           2025-07-19T18:01:04                      12
================================================================================
[2025-07-19T18:01:55.090+0000] {manager.py:997} INFO - 
================================================================================
DAG File Processing Stats

File Path                            PID    Runtime      # DAGs    # Errors  Last Runtime    Last Run               Last # of DB Queries
-----------------------------------  -----  ---------  --------  ----------  --------------  -------------------  ----------------------
/opt/airflow/dags/banking_dq_dag.py                           1           0  0.76s           2025-07-19T18:01:34                      12
================================================================================
[2025-07-19T18:02:25.476+0000] {manager.py:997} INFO - 
================================================================================
DAG File Processing Stats

File Path                            PID    Runtime      # DAGs    # Errors  Last Runtime    Last Run               Last # of DB Queries
-----------------------------------  -----  ---------  --------  ----------  --------------  -------------------  ----------------------
/opt/airflow/dags/banking_dq_dag.py                           1           0  0.80s           2025-07-19T18:02:05                      12
================================================================================
[2025-07-19T18:02:53.211+0000] {manager.py:821} INFO - Searching for files in /opt/airflow/dags
[2025-07-19T18:02:53.212+0000] {manager.py:824} INFO - There are 1 files in /opt/airflow/dags
[2025-07-19T18:02:55.674+0000] {manager.py:997} INFO - 
================================================================================
DAG File Processing Stats

File Path                            PID    Runtime      # DAGs    # Errors  Last Runtime    Last Run               Last # of DB Queries
-----------------------------------  -----  ---------  --------  ----------  --------------  -------------------  ----------------------
/opt/airflow/dags/banking_dq_dag.py                           1           0  0.98s           2025-07-19T18:02:37                      12
================================================================================
[2025-07-19T18:03:25.901+0000] {manager.py:997} INFO - 
================================================================================
DAG File Processing Stats

File Path                            PID    Runtime      # DAGs    # Errors  Last Runtime    Last Run               Last # of DB Queries
-----------------------------------  -----  ---------  --------  ----------  --------------  -------------------  ----------------------
/opt/airflow/dags/banking_dq_dag.py                           1           0  0.88s           2025-07-19T18:03:08                      12
================================================================================
[2025-07-19T18:03:56.486+0000] {manager.py:997} INFO - 
================================================================================
DAG File Processing Stats

File Path                            PID    Runtime      # DAGs    # Errors  Last Runtime    Last Run               Last # of DB Queries
-----------------------------------  -----  ---------  --------  ----------  --------------  -------------------  ----------------------
/opt/airflow/dags/banking_dq_dag.py                           1           0  1.02s           2025-07-19T18:03:39                      12
================================================================================
[2025-07-19T18:04:26.694+0000] {manager.py:997} INFO - 
================================================================================
DAG File Processing Stats

File Path                            PID    Runtime      # DAGs    # Errors  Last Runtime    Last Run               Last # of DB Queries
-----------------------------------  -----  ---------  --------  ----------  --------------  -------------------  ----------------------
/opt/airflow/dags/banking_dq_dag.py                           1           0  0.99s           2025-07-19T18:04:10                      12
================================================================================
[2025-07-19T18:04:56.781+0000] {manager.py:997} INFO - 
================================================================================
DAG File Processing Stats

File Path                            PID    Runtime      # DAGs    # Errors  Last Runtime    Last Run               Last # of DB Queries
-----------------------------------  -----  ---------  --------  ----------  --------------  -------------------  ----------------------
/opt/airflow/dags/banking_dq_dag.py                           1           0  0.91s           2025-07-19T18:04:41                      12
================================================================================
[2025-07-19T18:05:27.112+0000] {manager.py:997} INFO - 
================================================================================
DAG File Processing Stats

File Path                            PID    Runtime      # DAGs    # Errors  Last Runtime    Last Run               Last # of DB Queries
-----------------------------------  -----  ---------  --------  ----------  --------------  -------------------  ----------------------
/opt/airflow/dags/banking_dq_dag.py                           1           0  0.80s           2025-07-19T18:05:12                      12
================================================================================
[2025-07-19T18:05:57.334+0000] {manager.py:997} INFO - 
================================================================================
DAG File Processing Stats

File Path                            PID    Runtime      # DAGs    # Errors  Last Runtime    Last Run               Last # of DB Queries
-----------------------------------  -----  ---------  --------  ----------  --------------  -------------------  ----------------------
/opt/airflow/dags/banking_dq_dag.py                           1           0  0.81s           2025-07-19T18:05:43                      12
================================================================================
[2025-07-19T18:06:27.551+0000] {manager.py:997} INFO - 
================================================================================
DAG File Processing Stats

File Path                            PID    Runtime      # DAGs    # Errors  Last Runtime    Last Run               Last # of DB Queries
-----------------------------------  -----  ---------  --------  ----------  --------------  -------------------  ----------------------
/opt/airflow/dags/banking_dq_dag.py                           1           0  0.80s           2025-07-19T18:06:14                      12
================================================================================
[2025-07-19T18:06:57.897+0000] {manager.py:997} INFO - 
================================================================================
DAG File Processing Stats

File Path                            PID    Runtime      # DAGs    # Errors  Last Runtime    Last Run               Last # of DB Queries
-----------------------------------  -----  ---------  --------  ----------  --------------  -------------------  ----------------------
/opt/airflow/dags/banking_dq_dag.py                           1           0  1.40s           2025-07-19T18:06:46                      12
================================================================================
[2025-07-19T18:07:28.116+0000] {manager.py:997} INFO - 
================================================================================
DAG File Processing Stats

File Path                            PID    Runtime      # DAGs    # Errors  Last Runtime    Last Run               Last # of DB Queries
-----------------------------------  -----  ---------  --------  ----------  --------------  -------------------  ----------------------
/opt/airflow/dags/banking_dq_dag.py                           1           0  0.93s           2025-07-19T18:07:17                      12
================================================================================
[2025-07-19T18:07:53.289+0000] {manager.py:821} INFO - Searching for files in /opt/airflow/dags
[2025-07-19T18:07:53.290+0000] {manager.py:824} INFO - There are 1 files in /opt/airflow/dags
[2025-07-19T18:07:58.339+0000] {manager.py:997} INFO - 
================================================================================
DAG File Processing Stats

File Path                            PID    Runtime      # DAGs    # Errors  Last Runtime    Last Run               Last # of DB Queries
-----------------------------------  -----  ---------  --------  ----------  --------------  -------------------  ----------------------
/opt/airflow/dags/banking_dq_dag.py                           1           0  0.97s           2025-07-19T18:07:48                      12
================================================================================
[2025-07-19T18:08:28.558+0000] {manager.py:997} INFO - 
================================================================================
DAG File Processing Stats

File Path                            PID    Runtime      # DAGs    # Errors  Last Runtime    Last Run               Last # of DB Queries
-----------------------------------  -----  ---------  --------  ----------  --------------  -------------------  ----------------------
/opt/airflow/dags/banking_dq_dag.py                           1           0  0.75s           2025-07-19T18:08:19                      12
================================================================================
[2025-07-19T18:08:58.770+0000] {manager.py:997} INFO - 
================================================================================
DAG File Processing Stats

File Path                            PID    Runtime      # DAGs    # Errors  Last Runtime    Last Run               Last # of DB Queries
-----------------------------------  -----  ---------  --------  ----------  --------------  -------------------  ----------------------
/opt/airflow/dags/banking_dq_dag.py                           1           0  0.69s           2025-07-19T18:08:50                      12
================================================================================
[2025-07-19T18:09:29.002+0000] {manager.py:997} INFO - 
================================================================================
DAG File Processing Stats

File Path                            PID    Runtime      # DAGs    # Errors  Last Runtime    Last Run               Last # of DB Queries
-----------------------------------  -----  ---------  --------  ----------  --------------  -------------------  ----------------------
/opt/airflow/dags/banking_dq_dag.py                           1           0  0.97s           2025-07-19T18:09:21                      12
================================================================================
[2025-07-19T18:09:59.094+0000] {manager.py:997} INFO - 
================================================================================
DAG File Processing Stats

File Path                            PID    Runtime      # DAGs    # Errors  Last Runtime    Last Run               Last # of DB Queries
-----------------------------------  -----  ---------  --------  ----------  --------------  -------------------  ----------------------
/opt/airflow/dags/banking_dq_dag.py                           1           0  0.73s           2025-07-19T18:09:52                      12
================================================================================
[2025-07-19T18:10:29.595+0000] {manager.py:997} INFO - 
================================================================================
DAG File Processing Stats

File Path                            PID    Runtime      # DAGs    # Errors  Last Runtime    Last Run               Last # of DB Queries
-----------------------------------  -----  ---------  --------  ----------  --------------  -------------------  ----------------------
/opt/airflow/dags/banking_dq_dag.py                           1           0  0.77s           2025-07-19T18:10:22                      12
================================================================================
[2025-07-19T18:10:59.775+0000] {manager.py:997} INFO - 
================================================================================
DAG File Processing Stats

File Path                            PID    Runtime      # DAGs    # Errors  Last Runtime    Last Run               Last # of DB Queries
-----------------------------------  -----  ---------  --------  ----------  --------------  -------------------  ----------------------
/opt/airflow/dags/banking_dq_dag.py                           1           0  0.70s           2025-07-19T18:10:53                      12
================================================================================
[2025-07-19T18:11:29.990+0000] {manager.py:997} INFO - 
================================================================================
DAG File Processing Stats

File Path                            PID    Runtime      # DAGs    # Errors  Last Runtime    Last Run               Last # of DB Queries
-----------------------------------  -----  ---------  --------  ----------  --------------  -------------------  ----------------------
/opt/airflow/dags/banking_dq_dag.py                           1           0  0.79s           2025-07-19T18:11:28                      12
================================================================================
[2025-07-19T18:11:36.201+0000] {manager.py:465} INFO - Exiting gracefully upon receiving signal 15
[2025-07-19T18:12:43.281+0000] {manager.py:483} INFO - Processing files using up to 2 processes at a time 
[2025-07-19T18:12:43.282+0000] {manager.py:484} INFO - Process each file at most once every 30 seconds
[2025-07-19T18:12:43.283+0000] {manager.py:485} INFO - Checking for new files in /opt/airflow/dags every 300 seconds
[2025-07-19T18:12:43.283+0000] {manager.py:821} INFO - Searching for files in /opt/airflow/dags
[2025-07-19T18:12:43.285+0000] {manager.py:824} INFO - There are 1 files in /opt/airflow/dags
[2025-07-19T18:12:43.380+0000] {manager.py:997} INFO - 
================================================================================
DAG File Processing Stats

File Path                              PID  Runtime      # DAGs    # Errors  Last Runtime    Last Run      Last # of DB Queries
-----------------------------------  -----  ---------  --------  ----------  --------------  ----------  ----------------------
/opt/airflow/dags/banking_dq_dag.py     38  0.04s             0           0                                                   0
================================================================================
[2025-07-19T18:13:13.592+0000] {manager.py:997} INFO - 
================================================================================
DAG File Processing Stats

File Path                            PID    Runtime      # DAGs    # Errors  Last Runtime    Last Run               Last # of DB Queries
-----------------------------------  -----  ---------  --------  ----------  --------------  -------------------  ----------------------
/opt/airflow/dags/banking_dq_dag.py                           1           0  4.36s           2025-07-19T18:12:47                      26
================================================================================
[2025-07-19T18:13:44.095+0000] {manager.py:997} INFO - 
================================================================================
DAG File Processing Stats

File Path                            PID    Runtime      # DAGs    # Errors  Last Runtime    Last Run               Last # of DB Queries
-----------------------------------  -----  ---------  --------  ----------  --------------  -------------------  ----------------------
/opt/airflow/dags/banking_dq_dag.py                           1           0  1.09s           2025-07-19T18:13:18                      12
================================================================================
[2025-07-19T18:14:14.340+0000] {manager.py:997} INFO - 
================================================================================
DAG File Processing Stats

File Path                            PID    Runtime      # DAGs    # Errors  Last Runtime    Last Run               Last # of DB Queries
-----------------------------------  -----  ---------  --------  ----------  --------------  -------------------  ----------------------
/opt/airflow/dags/banking_dq_dag.py                           1           0  1.08s           2025-07-19T18:13:50                      12
================================================================================
[2025-07-19T18:14:44.499+0000] {manager.py:997} INFO - 
================================================================================
DAG File Processing Stats

File Path                            PID    Runtime      # DAGs    # Errors  Last Runtime    Last Run               Last # of DB Queries
-----------------------------------  -----  ---------  --------  ----------  --------------  -------------------  ----------------------
/opt/airflow/dags/banking_dq_dag.py                           1           0  0.72s           2025-07-19T18:14:21                      12
================================================================================
[2025-07-19T18:15:14.679+0000] {manager.py:997} INFO - 
================================================================================
DAG File Processing Stats

File Path                            PID    Runtime      # DAGs    # Errors  Last Runtime    Last Run               Last # of DB Queries
-----------------------------------  -----  ---------  --------  ----------  --------------  -------------------  ----------------------
/opt/airflow/dags/banking_dq_dag.py                           1           0  0.72s           2025-07-19T18:14:51                      12
================================================================================
[2025-07-19T18:15:44.898+0000] {manager.py:997} INFO - 
================================================================================
DAG File Processing Stats

File Path                            PID    Runtime      # DAGs    # Errors  Last Runtime    Last Run               Last # of DB Queries
-----------------------------------  -----  ---------  --------  ----------  --------------  -------------------  ----------------------
/opt/airflow/dags/banking_dq_dag.py                           1           0  0.95s           2025-07-19T18:15:23                      12
================================================================================
[2025-07-19T18:16:15.109+0000] {manager.py:997} INFO - 
================================================================================
DAG File Processing Stats

File Path                            PID    Runtime      # DAGs    # Errors  Last Runtime    Last Run               Last # of DB Queries
-----------------------------------  -----  ---------  --------  ----------  --------------  -------------------  ----------------------
/opt/airflow/dags/banking_dq_dag.py                           1           0  0.90s           2025-07-19T18:15:54                      12
================================================================================
[2025-07-19T18:16:45.322+0000] {manager.py:997} INFO - 
================================================================================
DAG File Processing Stats

File Path                            PID    Runtime      # DAGs    # Errors  Last Runtime    Last Run               Last # of DB Queries
-----------------------------------  -----  ---------  --------  ----------  --------------  -------------------  ----------------------
/opt/airflow/dags/banking_dq_dag.py                           1           0  1.03s           2025-07-19T18:16:25                      12
================================================================================
[2025-07-19T18:17:15.488+0000] {manager.py:997} INFO - 
================================================================================
DAG File Processing Stats

File Path                            PID    Runtime      # DAGs    # Errors  Last Runtime    Last Run               Last # of DB Queries
-----------------------------------  -----  ---------  --------  ----------  --------------  -------------------  ----------------------
/opt/airflow/dags/banking_dq_dag.py                           1           0  0.69s           2025-07-19T18:16:56                      12
================================================================================
[2025-07-19T18:17:26.222+0000] {manager.py:1146} ERROR - Processor for /opt/airflow/dags/banking_dq_dag.py exited with return code 1.
[2025-07-19T18:17:43.329+0000] {manager.py:821} INFO - Searching for files in /opt/airflow/dags
[2025-07-19T18:17:43.330+0000] {manager.py:824} INFO - There are 1 files in /opt/airflow/dags
[2025-07-19T18:17:46.363+0000] {manager.py:997} INFO - 
================================================================================
DAG File Processing Stats

File Path                            PID    Runtime      # DAGs    # Errors  Last Runtime    Last Run               Last # of DB Queries
-----------------------------------  -----  ---------  --------  ----------  --------------  -------------------  ----------------------
/opt/airflow/dags/banking_dq_dag.py                           0          -1  0.01s           2025-07-19T18:17:26                       0
================================================================================
[2025-07-19T18:17:56.446+0000] {manager.py:1146} ERROR - Processor for /opt/airflow/dags/banking_dq_dag.py exited with return code 1.
